<?xml version="1.0" encoding="UTF-8"?>
<!-- Generated by org.testng.reporters.JUnitReportReporter -->
<testsuite hostname="ANKIT-SYS" failures="0" tests="1" name="testCases.SwitchToAlertExampleTC" time="0.046" errors="0" timestamp="25 Mar 2025 04:00:47 GMT" skipped="0">
  <testcase classname="testCases.SwitchToAlertExampleTC" name="switchToAlertExample" time="0.046"/>
</testsuite> <!-- testCases.SwitchToAlertExampleTC -->
