<?xml version="1.0" encoding="UTF-8"?>
<!-- Generated by org.testng.reporters.JUnitReportReporter -->
<testsuite hostname="LAPTOP-7T734GLV" failures="0" tests="1" name="testCases.SwitchToAlertExampleTC" time="4.332" errors="0" timestamp="25 Mar 2025 07:27:50 GMT" skipped="0">
  <testcase classname="testCases.SwitchToAlertExampleTC" name="switchToAlertExample" time="4.332"/>
</testsuite> <!-- testCases.SwitchToAlertExampleTC -->
