<?xml version="1.0" encoding="UTF-8"?>
<!-- Generated by org.testng.reporters.JUnitReportReporter -->
<testsuite hostname="ANKIT-SYS" failures="0" tests="1" name="testCases.RadioButtonTC" time="0.816" errors="0" timestamp="25 Mar 2025 04:00:47 GMT" skipped="0">
  <testcase classname="testCases.RadioButtonTC" name="radioButtonExample" time="0.816"/>
</testsuite> <!-- testCases.RadioButtonTC -->
