<?xml version="1.0" encoding="UTF-8"?>
<!-- Generated by org.testng.reporters.JUnitReportReporter -->
<testsuite hostname="LAPTOP-7T734GLV" failures="0" tests="1" name="testCases.SuggessionClassExampleTC" time="0.709" errors="0" timestamp="25 Mar 2025 04:09:17 GMT" skipped="0">
  <testcase classname="testCases.SuggessionClassExampleTC" name="SuggessionClassExample" time="0.709"/>
</testsuite> <!-- testCases.SuggessionClassExampleTC -->
