<?xml version="1.0" encoding="UTF-8"?>
<!-- Generated by org.testng.reporters.JUnitReportReporter -->
<testsuite hostname="ANKIT-SYS" failures="0" tests="1" name="testCases.SuggessionClassExampleTC" time="0.765" errors="0" timestamp="24 Mar 2025 15:39:42 GMT" skipped="0">
  <testcase classname="testCases.SuggessionClassExampleTC" name="SuggessionClassExample" time="0.765"/>
</testsuite> <!-- testCases.SuggessionClassExampleTC -->
