<?xml version="1.0" encoding="UTF-8"?>
<!-- Generated by org.testng.reporters.JUnitReportReporter -->
<testsuite hostname="ANKIT-SYS" failures="0" tests="1" name="testCases.RadioButtonTC" time="0.186" errors="0" timestamp="24 Mar 2025 13:51:41 GMT" skipped="0">
  <testcase classname="testCases.RadioButtonTC" name="radioButtonExample" time="0.186"/>
</testsuite> <!-- testCases.RadioButtonTC -->
