<?xml version="1.0" encoding="UTF-8"?>
<!-- Generated by org.testng.reporters.JUnitReportReporter -->
<testsuite hostname="ANKIT-SYS" failures="0" tests="1" name="testCases.FooterValdiationTC" time="0.587" errors="0" timestamp="04 Apr 2025 03:33:04 GMT" skipped="0">
  <testcase classname="testCases.FooterValdiationTC" name="validateAllLinks" time="0.587"/>
</testsuite> <!-- testCases.FooterValdiationTC -->
