<?xml version="1.0" encoding="UTF-8"?>
<!-- Generated by org.testng.reporters.JUnitReportReporter -->
<testsuite hostname="ANKIT-SYS" failures="0" tests="1" name="testCases.CheckboxExampleTC" time="2.390" errors="0" timestamp="25 Mar 2025 10:38:26 GMT" skipped="0">
  <testcase classname="testCases.CheckboxExampleTC" name="checkboxExample" time="2.390"/>
</testsuite> <!-- testCases.CheckboxExampleTC -->
